d:\ozu_3.2\cs350\proj\raytracing\rtiow\debug\vc143.pdb
d:\ozu_3.2\cs350\proj\raytracing\rtiow\debug\vc143.idb
d:\ozu_3.2\cs350\proj\raytracing\rtiow\debug\vec3.obj
d:\ozu_3.2\cs350\proj\raytracing\rtiow\debug\main.obj
d:\ozu_3.2\cs350\proj\raytracing\rtiow\debug\color.obj
d:\ozu_3.2\cs350\proj\raytracing\rtiow\debug\rtiow.ilk
d:\ozu_3.2\cs350\proj\raytracing\debug\rtiow.pdb
d:\ozu_3.2\cs350\proj\raytracing\rtiow\debug\rtiow.tlog\cl.command.1.tlog
d:\ozu_3.2\cs350\proj\raytracing\rtiow\debug\rtiow.tlog\cl.items.tlog
d:\ozu_3.2\cs350\proj\raytracing\rtiow\debug\rtiow.tlog\cl.read.1.tlog
d:\ozu_3.2\cs350\proj\raytracing\rtiow\debug\rtiow.tlog\cl.write.1.tlog
d:\ozu_3.2\cs350\proj\raytracing\rtiow\debug\rtiow.tlog\link-cvtres.read.1.tlog
d:\ozu_3.2\cs350\proj\raytracing\rtiow\debug\rtiow.tlog\link-cvtres.write.1.tlog
d:\ozu_3.2\cs350\proj\raytracing\rtiow\debug\rtiow.tlog\link-rc.read.1.tlog
d:\ozu_3.2\cs350\proj\raytracing\rtiow\debug\rtiow.tlog\link-rc.write.1.tlog
d:\ozu_3.2\cs350\proj\raytracing\rtiow\debug\rtiow.tlog\link.19600-cvtres.read.1.tlog
d:\ozu_3.2\cs350\proj\raytracing\rtiow\debug\rtiow.tlog\link.19600-cvtres.write.1.tlog
d:\ozu_3.2\cs350\proj\raytracing\rtiow\debug\rtiow.tlog\link.19600-rc.read.1.tlog
d:\ozu_3.2\cs350\proj\raytracing\rtiow\debug\rtiow.tlog\link.19600-rc.write.1.tlog
d:\ozu_3.2\cs350\proj\raytracing\rtiow\debug\rtiow.tlog\link.19600.read.1.tlog
d:\ozu_3.2\cs350\proj\raytracing\rtiow\debug\rtiow.tlog\link.19600.write.1.tlog
d:\ozu_3.2\cs350\proj\raytracing\rtiow\debug\rtiow.tlog\link.command.1.tlog
d:\ozu_3.2\cs350\proj\raytracing\rtiow\debug\rtiow.tlog\link.read.1.tlog
d:\ozu_3.2\cs350\proj\raytracing\rtiow\debug\rtiow.tlog\link.secondary.1.tlog
d:\ozu_3.2\cs350\proj\raytracing\rtiow\debug\rtiow.tlog\link.write.1.tlog
