c:\users\selam\source\repos\raytracıng\rtıow\x64\debug\vc142.pdb
c:\users\selam\source\repos\raytracıng\rtıow\x64\debug\vc142.ıdb
c:\users\selam\source\repos\raytracıng\rtıow\x64\debug\vec3.obj
c:\users\selam\source\repos\raytracıng\rtıow\x64\debug\maın.obj
c:\users\selam\source\repos\raytracıng\rtıow\x64\debug\color.obj
c:\users\selam\source\repos\raytracıng\x64\debug\rtıow.exe
c:\users\selam\source\repos\raytracıng\rtıow\x64\debug\rtıow.ılk
c:\users\selam\source\repos\raytracıng\x64\debug\rtıow.pdb
c:\users\selam\source\repos\raytracing\rtiow\x64\debug\color.obj
c:\users\selam\source\repos\raytracing\rtiow\x64\debug\main.obj
c:\users\selam\source\repos\raytracing\rtiow\x64\debug\vec3.obj
c:\users\selam\source\repos\raytracing\rtiow\x64\debug\rtiow.ilk
c:\users\selam\source\repos\raytracing\rtiow\x64\debug\vc142.idb
c:\users\selam\source\repos\raytracing\rtiow\x64\debug\vc143.idb
c:\users\selam\source\repos\raytracing\rtiow\x64\debug\vc142.pdb
c:\users\selam\source\repos\raytracing\rtiow\x64\debug\vc143.pdb
c:\users\selam\source\repos\raytracing\x64\debug\rtiow.pdb
c:\users\selam\source\repos\raytracing\x64\debug\rtiow.exe
c:\users\selam\source\repos\raytracing\rtiow\x64\debug\rtiow.tlog\cl.command.1.tlog
c:\users\selam\source\repos\raytracing\rtiow\x64\debug\rtiow.tlog\cl.items.tlog
c:\users\selam\source\repos\raytracing\rtiow\x64\debug\rtiow.tlog\cl.read.1.tlog
c:\users\selam\source\repos\raytracing\rtiow\x64\debug\rtiow.tlog\cl.write.1.tlog
c:\users\selam\source\repos\raytracing\rtiow\x64\debug\rtiow.tlog\link.command.1.tlog
c:\users\selam\source\repos\raytracing\rtiow\x64\debug\rtiow.tlog\link.read.1.tlog
c:\users\selam\source\repos\raytracing\rtiow\x64\debug\rtiow.tlog\link.write.1.tlog
c:\users\selam\source\repos\raytracing\rtiow\x64\debug\rtiow.tlog\rc.command.1.tlog
c:\users\selam\source\repos\raytracing\rtiow\x64\debug\rtiow.tlog\rc.read.1.tlog
c:\users\selam\source\repos\raytracing\rtiow\x64\debug\rtiow.tlog\rc.write.1.tlog
